【登录信息】
*4f92965d0bd0a4ceebe9aaf20c8adeee*
`登陆天数: 2天 / 889天
等级: 131
石头: 268
呼符: 10
体力: 96355.42666666667 / 138
友情点: 0 / 349705`
*連続ログイン2日目
※ログインが途切れるか、7日到達すると
1日目から再開されます*
`聖晶石 X 1
2月交換券(2023) X 1
`*「Lostbelt No.7 黄金樹海紀行 ナウイ・ミクトラン 惑星を統べるもの」(後編)開幕直前連続ログインボーナス*
*開催期間中、1日1回 最大7回 連続ログインボーナスをプレゼント！*
`黄金の果実 X 1
`_2023-02-06 13:54:26_
--------
*9210f112a4e0e151d8f1859e42fc2354*
`登陆天数: 3天 / 889天
等级: 130
石头: 24
呼符: 0
体力: 172.56 / 138
友情点: 0 / 520380`
_2023-02-06 13:54:34_
--------
*f3cf223ddb2dd700986e941ed1300ae2*
`登陆天数: 3天 / 814天
等级: 122
石头: 1035
呼符: 5
体力: 172.19333333333333 / 136
友情点: 0 / 589680`
_2023-02-06 13:54:43_
--------
*8e4902556f7f270c8483f9754a4bbdad*
`登陆天数: 3天 / 855天
等级: 122
石头: 1021
呼符: 5
体力: 168.43333333333334 / 136
友情点: 0 / 698800`
_2023-02-06 13:54:51_
--------
*0aed57a62fdafcc758bf5e3a0e536e17*
`登陆天数: 285天 / 1191天
等级: 125
石头: 3783
呼符: 28
体力: 103.60666666666667 / 137
友情点: 0 / 948975`
_2023-02-06 13:54:59_
--------
