【登录信息】
*4f92965d0bd0a4ceebe9aaf20c8adeee*
`登陆天数: 3天 / 890天
等级: 131
石头: 268
呼符: 10
体力: 96424.09666666666 / 138
友情点: 0 / 349705`
*連続ログイン3日目
※ログインが途切れるか、7日到達すると
1日目から再開されます*
`叡智の業火 X 1
2月交換券(2023) X 1
`*「Lostbelt No.7 黄金樹海紀行 ナウイ・ミクトラン 惑星を統べるもの」(後編)開幕直前連続ログインボーナス*
*開催期間中、1日1回 最大7回 連続ログインボーナスをプレゼント！*
`黄金の果実 X 1
`_2023-02-06 19:37:47_
--------
*9210f112a4e0e151d8f1859e42fc2354*
`登陆天数: 4天 / 890天
等级: 130
石头: 24
呼符: 0
体力: 241.23000000000002 / 138
友情点: 0 / 520380`
*連続ログイン4日目
※ログインが途切れるか、7日到達すると
1日目から再開されます*
`聖晶石 X 1
2月交換券(2023) X 1
`_2023-02-06 19:37:55_
--------
*f3cf223ddb2dd700986e941ed1300ae2*
`登陆天数: 4天 / 815天
等级: 122
石头: 1035
呼符: 5
体力: 240.86 / 136
友情点: 0 / 589680`
*連続ログイン4日目
※ログインが途切れるか、7日到達すると
1日目から再開されます*
`聖晶石 X 1
2月交換券(2023) X 1
`*「Lostbelt No.7 黄金樹海紀行 ナウイ・ミクトラン 惑星を統べるもの」(後編)開幕直前連続ログインボーナス*
*開催期間中、1日1回 最大7回 連続ログインボーナスをプレゼント！*
`聖晶石 X 3
`_2023-02-06 19:38:04_
--------
*8e4902556f7f270c8483f9754a4bbdad*
`登陆天数: 4天 / 856天
等级: 122
石头: 1021
呼符: 5
体力: 237.10333333333335 / 136
友情点: 0 / 698800`
*連続ログイン4日目
※ログインが途切れるか、7日到達すると
1日目から再開されます*
`聖晶石 X 1
2月交換券(2023) X 1
`*「Lostbelt No.7 黄金樹海紀行 ナウイ・ミクトラン 惑星を統べるもの」(後編)開幕直前連続ログインボーナス*
*開催期間中、1日1回 最大7回 連続ログインボーナスをプレゼント！*
`聖晶石 X 3
`_2023-02-06 19:38:12_
--------
*0aed57a62fdafcc758bf5e3a0e536e17*
`登陆天数: 286天 / 1192天
等级: 125
石头: 3785
呼符: 28
体力: 115.27666666666667 / 137
友情点: 0 / 950195`
*連続ログイン6日目
※ログインが途切れるか、7日到達すると
1日目から再開されます*
`聖晶石 X 2
2月交換券(2023) X 1
`_2023-02-06 19:38:20_
--------
