【登录信息】
*4f92965d0bd0a4ceebe9aaf20c8adeee*
`登陆天数: 4天 / 891天
等级: 131
石头: 268
呼符: 10
体力: 96712.11333333333 / 138
友情点: 0 / 349705`
*連続ログイン4日目
※ログインが途切れるか、7日到達すると
1日目から再開されます*
`聖晶石 X 1
2月交換券(2023) X 1
`*「Lostbelt No.7 黄金樹海紀行 ナウイ・ミクトラン 惑星を統べるもの」(後編)開幕直前連続ログインボーナス*
*開催期間中、1日1回 最大7回 連続ログインボーナスをプレゼント！*
`聖晶石 X 3
`_2023-02-07 19:37:52_
--------
*9210f112a4e0e151d8f1859e42fc2354*
`登陆天数: 5天 / 891天
等级: 130
石头: 24
呼符: 0
体力: 529.2466666666667 / 138
友情点: 0 / 520380`
*連続ログイン5日目
※ログインが途切れるか、7日到達すると
1日目から再開されます*
`叡智の業火 X 2
2月交換券(2023) X 1
`_2023-02-07 19:38:00_
--------
*f3cf223ddb2dd700986e941ed1300ae2*
`登陆天数: 5天 / 816天
等级: 122
石头: 1035
呼符: 5
体力: 528.88 / 136
友情点: 0 / 589680`
*連続ログイン5日目
※ログインが途切れるか、7日到達すると
1日目から再開されます*
`叡智の業火 X 2
2月交換券(2023) X 1
`*「Lostbelt No.7 黄金樹海紀行 ナウイ・ミクトラン 惑星を統べるもの」(後編)開幕直前連続ログインボーナス*
*開催期間中、1日1回 最大7回 連続ログインボーナスをプレゼント！*
`黄金の果実 X 1
`_2023-02-07 19:38:09_
--------
*8e4902556f7f270c8483f9754a4bbdad*
`登陆天数: 5天 / 857天
等级: 122
石头: 1021
呼符: 5
体力: 525.12 / 136
友情点: 0 / 698800`
*連続ログイン5日目
※ログインが途切れるか、7日到達すると
1日目から再開されます*
`叡智の業火 X 2
2月交換券(2023) X 1
`*「Lostbelt No.7 黄金樹海紀行 ナウイ・ミクトラン 惑星を統べるもの」(後編)開幕直前連続ログインボーナス*
*開催期間中、1日1回 最大7回 連続ログインボーナスをプレゼント！*
`黄金の果実 X 1
`_2023-02-07 19:38:17_
--------
*0aed57a62fdafcc758bf5e3a0e536e17*
`登陆天数: 287天 / 1193天
等级: 126
石头: 2611
呼符: 0
体力: 122.37333333333333 / 137
友情点: 0 / 958595`
*連続ログイン7日間到達おめでとうございます！
明日は1日目からリスタートされます。*
`獣の足跡 X 1
呼符 X 1
2月交換券(2023) X 1
`_2023-02-07 19:38:25_
--------
