【登录信息】
*4f92965d0bd0a4ceebe9aaf20c8adeee*
`登陆天数: 5天 / 892天
等级: 131
石头: 268
呼符: 10
体力: 97000.19666666667 / 138
友情点: 0 / 349705`
*連続ログイン5日目
※ログインが途切れるか、7日到達すると
1日目から再開されます*
`叡智の業火 X 2
2月交換券(2023) X 1
`_2023-02-08 19:38:17_
--------
*9210f112a4e0e151d8f1859e42fc2354*
`登陆天数: 6天 / 892天
等级: 130
石头: 24
呼符: 0
体力: 817.33 / 138
友情点: 0 / 520380`
*連続ログイン6日目
※ログインが途切れるか、7日到達すると
1日目から再開されます*
`聖晶石 X 2
2月交換券(2023) X 1
`_2023-02-08 19:38:26_
--------
*f3cf223ddb2dd700986e941ed1300ae2*
`登陆天数: 6天 / 817天
等级: 122
石头: 1035
呼符: 5
体力: 816.9633333333334 / 136
友情点: 0 / 589680`
*連続ログイン6日目
※ログインが途切れるか、7日到達すると
1日目から再開されます*
`聖晶石 X 2
2月交換券(2023) X 1
`_2023-02-08 19:38:34_
--------
*8e4902556f7f270c8483f9754a4bbdad*
`登陆天数: 6天 / 858天
等级: 122
石头: 1021
呼符: 5
体力: 813.2033333333334 / 136
友情点: 0 / 698800`
*連続ログイン6日目
※ログインが途切れるか、7日到達すると
1日目から再開されます*
`聖晶石 X 2
2月交換券(2023) X 1
`_2023-02-08 19:38:42_
--------
*0aed57a62fdafcc758bf5e3a0e536e17*
`登陆天数: 288天 / 1194天
等级: 126
石头: 2611
呼符: 0
体力: 410.45666666666665 / 137
友情点: 0 / 958595`
*連続ログイン1日目
※ログインが途切れるか、7日到達すると
1日目から再開されます*
`フレンドポイント X 2000
2月交換券(2023) X 1
`_2023-02-08 19:38:51_
--------
