【登录信息】
*4f92965d0bd0a4ceebe9aaf20c8adeee*
`登陆天数: 6天 / 893天
等级: 131
石头: 268
呼符: 10
体力: 97503.55 / 138
友情点: 0 / 349705`
_2023-02-10 13:35:03_
--------
*9210f112a4e0e151d8f1859e42fc2354*
`登陆天数: 7天 / 893天
等级: 130
石头: 24
呼符: 0
体力: 1320.6866666666667 / 138
友情点: 0 / 520380`
_2023-02-10 13:35:12_
--------
*f3cf223ddb2dd700986e941ed1300ae2*
`登陆天数: 7天 / 818天
等级: 122
石头: 1035
呼符: 5
体力: 1320.3166666666666 / 136
友情点: 0 / 589680`
_2023-02-10 13:35:20_
--------
*8e4902556f7f270c8483f9754a4bbdad*
`登陆天数: 7天 / 859天
等级: 122
石头: 1021
呼符: 5
体力: 1316.5566666666666 / 136
友情点: 0 / 698800`
_2023-02-10 13:35:28_
--------
*0aed57a62fdafcc758bf5e3a0e536e17*
`登陆天数: 289天 / 1195天
等级: 126
石头: 2404
呼符: 0
体力: 327.71000000000004 / 137
友情点: 0 / 960645`
_2023-02-10 13:35:36_
--------
