【登录信息】
*4f92965d0bd0a4ceebe9aaf20c8adeee*
`登陆天数: 7天 / 894天
等级: 131
石头: 268
呼符: 10
体力: 97576.13666666667 / 138
友情点: 0 / 349705`
*連続ログイン7日間到達おめでとうございます！
明日は1日目からリスタートされます。*
`獣の足跡 X 1
呼符 X 1
2月交換券(2023) X 1
`_2023-02-10 19:37:59_
--------
*9210f112a4e0e151d8f1859e42fc2354*
`登陆天数: 8天 / 894天
等级: 130
石头: 24
呼符: 0
体力: 1393.27 / 138
友情点: 0 / 520380`
*連続ログイン1日目
※ログインが途切れるか、7日到達すると
1日目から再開されます*
`フレンドポイント X 2000
2月交換券(2023) X 1
`_2023-02-10 19:38:07_
--------
*f3cf223ddb2dd700986e941ed1300ae2*
`登陆天数: 8天 / 819天
等级: 122
石头: 1035
呼符: 5
体力: 1392.9 / 136
友情点: 0 / 589680`
*連続ログイン1日目
※ログインが途切れるか、7日到達すると
1日目から再開されます*
`フレンドポイント X 2000
2月交換券(2023) X 1
`_2023-02-10 19:38:15_
--------
*8e4902556f7f270c8483f9754a4bbdad*
`登陆天数: 8天 / 860天
等级: 122
石头: 1021
呼符: 5
体力: 1389.14 / 136
友情点: 0 / 698800`
*連続ログイン1日目
※ログインが途切れるか、7日到達すると
1日目から再開されます*
`フレンドポイント X 2000
2月交換券(2023) X 1
`_2023-02-10 19:38:23_
--------
*0aed57a62fdafcc758bf5e3a0e536e17*
`登陆天数: 290天 / 1196天
等级: 126
石头: 2404
呼符: 0
体力: 86.16 / 137
友情点: 0 / 960645`
*連続ログイン3日目
※ログインが途切れるか、7日到達すると
1日目から再開されます*
`叡智の業火 X 1
2月交換券(2023) X 1
`_2023-02-10 19:38:31_
--------
