【登录信息】
*4f92965d0bd0a4ceebe9aaf20c8adeee*
`登陆天数: 8天 / 895天
等级: 131
石头: 268
呼符: 10
体力: 97864.09333333334 / 138
友情点: 0 / 349705`
*連続ログイン1日目
※ログインが途切れるか、7日到達すると
1日目から再開されます*
`フレンドポイント X 2000
2月交換券(2023) X 1
`_2023-02-11 19:37:47_
--------
*9210f112a4e0e151d8f1859e42fc2354*
`登陆天数: 9天 / 895天
等级: 130
石头: 24
呼符: 0
体力: 1681.23 / 138
友情点: 0 / 520380`
*連続ログイン2日目
※ログインが途切れるか、7日到達すると
1日目から再開されます*
`聖晶石 X 1
2月交換券(2023) X 1
`_2023-02-11 19:37:55_
--------
*f3cf223ddb2dd700986e941ed1300ae2*
`登陆天数: 9天 / 820天
等级: 122
石头: 1035
呼符: 5
体力: 1680.86 / 136
友情点: 0 / 589680`
*連続ログイン2日目
※ログインが途切れるか、7日到達すると
1日目から再開されます*
`聖晶石 X 1
2月交換券(2023) X 1
`_2023-02-11 19:38:03_
--------
*8e4902556f7f270c8483f9754a4bbdad*
`登陆天数: 9天 / 861天
等级: 122
石头: 1021
呼符: 5
体力: 1677.1 / 136
友情点: 0 / 698800`
*連続ログイン2日目
※ログインが途切れるか、7日到達すると
1日目から再開されます*
`聖晶石 X 1
2月交換券(2023) X 1
`_2023-02-11 19:38:11_
--------
*0aed57a62fdafcc758bf5e3a0e536e17*
`登陆天数: 291天 / 1197天
等级: 126
石头: 2401
呼符: 0
体力: 96.88 / 137
友情点: 0 / 960645`
*連続ログイン4日目
※ログインが途切れるか、7日到達すると
1日目から再開されます*
`聖晶石 X 1
2月交換券(2023) X 1
`_2023-02-11 19:38:20_
--------
