【登录信息】
*4f92965d0bd0a4ceebe9aaf20c8adeee*
`登陆天数: 10天 / 897天
等级: 131
石头: 268
呼符: 10
体力: 98572.68666666666 / 138
友情点: 0 / 349705`
_2023-02-14 06:40:44_
--------
*9210f112a4e0e151d8f1859e42fc2354*
`登陆天数: 11天 / 897天
等级: 130
石头: 24
呼符: 0
体力: 2389.82 / 138
友情点: 0 / 520380`
_2023-02-14 06:40:53_
--------
*f3cf223ddb2dd700986e941ed1300ae2*
`登陆天数: 11天 / 822天
等级: 122
石头: 1035
呼符: 5
体力: 2389.4533333333334 / 136
友情点: 0 / 589680`
_2023-02-14 06:41:01_
--------
*8e4902556f7f270c8483f9754a4bbdad*
`登陆天数: 11天 / 863天
等级: 122
石头: 1021
呼符: 5
体力: 2385.693333333333 / 136
友情点: 0 / 698800`
_2023-02-14 06:41:09_
--------
*0aed57a62fdafcc758bf5e3a0e536e17*
`登陆天数: 293天 / 1199天
等级: 126
石头: 2310
呼符: 0
体力: 42.733333333333334 / 137
友情点: 0 / 961790`
_2023-02-14 06:41:18_
--------
