【登录信息】
*4f92965d0bd0a4ceebe9aaf20c8adeee*
`登陆天数: 11天 / 898天
等级: 131
石头: 268
呼符: 10
体力: 98728.14666666667 / 138
友情点: 0 / 349705`
*連続ログイン4日目
※ログインが途切れるか、7日到達すると
1日目から再開されます*
`聖晶石 X 1
2月交換券(2023) X 1
`*2700万DL突破記念 特別連続ログインボーナス*
*開催期間中、1日1回 最大7回 連続ログインボーナスをプレゼント！*
`黄金の果実 X 10
`_2023-02-14 19:38:02_
--------
*9210f112a4e0e151d8f1859e42fc2354*
`登陆天数: 12天 / 898天
等级: 130
石头: 24
呼符: 0
体力: 2545.28 / 138
友情点: 0 / 520380`
*連続ログイン5日目
※ログインが途切れるか、7日到達すると
1日目から再開されます*
`叡智の業火 X 2
2月交換券(2023) X 1
`*2700万DL突破記念 特別連続ログインボーナス*
*開催期間中、1日1回 最大7回 連続ログインボーナスをプレゼント！*
`黄金の果実 X 10
`_2023-02-14 19:38:10_
--------
*f3cf223ddb2dd700986e941ed1300ae2*
`登陆天数: 12天 / 823天
等级: 122
石头: 1035
呼符: 5
体力: 2544.91 / 136
友情点: 0 / 589680`
*連続ログイン5日目
※ログインが途切れるか、7日到達すると
1日目から再開されます*
`叡智の業火 X 2
2月交換券(2023) X 1
`*2700万DL突破記念 特別連続ログインボーナス*
*開催期間中、1日1回 最大7回 連続ログインボーナスをプレゼント！*
`黄金の果実 X 10
`_2023-02-14 19:38:19_
--------
*8e4902556f7f270c8483f9754a4bbdad*
`登陆天数: 12天 / 864天
等级: 122
石头: 1021
呼符: 5
体力: 2541.15 / 136
友情点: 0 / 698800`
*連続ログイン5日目
※ログインが途切れるか、7日到達すると
1日目から再開されます*
`叡智の業火 X 2
2月交換券(2023) X 1
`*2700万DL突破記念 特別連続ログインボーナス*
*開催期間中、1日1回 最大7回 連続ログインボーナスをプレゼント！*
`黄金の果実 X 10
`_2023-02-14 19:38:27_
--------
*0aed57a62fdafcc758bf5e3a0e536e17*
`登陆天数: 294天 / 1200天
等级: 126
石头: 2310
呼符: 0
体力: 198.19 / 137
友情点: 0 / 961790`
*連続ログイン7日間到達おめでとうございます！
明日は1日目からリスタートされます。*
`獣の足跡 X 1
呼符 X 1
2月交換券(2023) X 1
`*2700万DL突破記念 特別連続ログインボーナス*
*開催期間中、1日1回 最大7回 連続ログインボーナスをプレゼント！*
`黄金の果実 X 10
`_2023-02-14 19:38:35_
--------
