【登录信息】
*4f92965d0bd0a4ceebe9aaf20c8adeee*
`登陆天数: 12天 / 899天
等级: 131
石头: 268
呼符: 10
体力: 99016.12333333334 / 138
友情点: 0 / 349705`
*連続ログイン5日目
※ログインが途切れるか、7日到達すると
1日目から再開されます*
`叡智の業火 X 2
2月交換券(2023) X 1
`*2700万DL突破記念 特別連続ログインボーナス*
*開催期間中、1日1回 最大7回 連続ログインボーナスをプレゼント！*
`QP X 10000000
`_2023-02-15 19:37:55_
--------
*9210f112a4e0e151d8f1859e42fc2354*
`登陆天数: 13天 / 899天
等级: 130
石头: 24
呼符: 0
体力: 2833.26 / 138
友情点: 0 / 520380`
*連続ログイン6日目
※ログインが途切れるか、7日到達すると
1日目から再開されます*
`聖晶石 X 2
2月交換券(2023) X 1
`*2700万DL突破記念 特別連続ログインボーナス*
*開催期間中、1日1回 最大7回 連続ログインボーナスをプレゼント！*
`QP X 10000000
`_2023-02-15 19:38:04_
--------
*f3cf223ddb2dd700986e941ed1300ae2*
`登陆天数: 13天 / 824天
等级: 122
石头: 1035
呼符: 5
体力: 2832.89 / 136
友情点: 0 / 589680`
*連続ログイン6日目
※ログインが途切れるか、7日到達すると
1日目から再開されます*
`聖晶石 X 2
2月交換券(2023) X 1
`*2700万DL突破記念 特別連続ログインボーナス*
*開催期間中、1日1回 最大7回 連続ログインボーナスをプレゼント！*
`QP X 10000000
`_2023-02-15 19:38:12_
--------
*8e4902556f7f270c8483f9754a4bbdad*
`登陆天数: 13天 / 865天
等级: 122
石头: 1021
呼符: 5
体力: 2829.13 / 136
友情点: 0 / 698800`
*連続ログイン6日目
※ログインが途切れるか、7日到達すると
1日目から再開されます*
`聖晶石 X 2
2月交換券(2023) X 1
`*2700万DL突破記念 特別連続ログインボーナス*
*開催期間中、1日1回 最大7回 連続ログインボーナスをプレゼント！*
`QP X 10000000
`_2023-02-15 19:38:20_
--------
*0aed57a62fdafcc758bf5e3a0e536e17*
`登陆天数: 295天 / 1201天
等级: 126
石头: 2005
呼符: 0
体力: 262.51666666666665 / 137
友情点: 0 / 961915`
*連続ログイン1日目
※ログインが途切れるか、7日到達すると
1日目から再開されます*
`フレンドポイント X 2000
2月交換券(2023) X 1
`*2700万DL突破記念 特別連続ログインボーナス*
*開催期間中、1日1回 最大7回 連続ログインボーナスをプレゼント！*
`QP X 10000000
`_2023-02-15 19:38:28_
--------
