【登录信息】
*4f92965d0bd0a4ceebe9aaf20c8adeee*
`登陆天数: 15天 / 902天
等级: 131
石头: 268
呼符: 10
体力: 99880.11666666667 / 138
友情点: 0 / 349705`
*連続ログイン1日目
※ログインが途切れるか、7日到達すると
1日目から再開されます*
`フレンドポイント X 2000
2月交換券(2023) X 1
`*2700万DL突破記念 特別連続ログインボーナス*
*開催期間中、1日1回 最大7回 連続ログインボーナスをプレゼント！*
`英霊結晶・太陽のフォウくん X 10
`_2023-02-18 19:37:54_
--------
*9210f112a4e0e151d8f1859e42fc2354*
`登陆天数: 16天 / 902天
等级: 130
石头: 24
呼符: 0
体力: 3697.2533333333336 / 138
友情点: 0 / 520380`
*連続ログイン2日目
※ログインが途切れるか、7日到達すると
1日目から再開されます*
`聖晶石 X 1
2月交換券(2023) X 1
`*2700万DL突破記念 特別連続ログインボーナス*
*開催期間中、1日1回 最大7回 連続ログインボーナスをプレゼント！*
`英霊結晶・太陽のフォウくん X 10
`_2023-02-18 19:38:02_
--------
*f3cf223ddb2dd700986e941ed1300ae2*
`登陆天数: 16天 / 827天
等级: 122
石头: 1035
呼符: 5
体力: 3696.883333333333 / 136
友情点: 0 / 589680`
*連続ログイン2日目
※ログインが途切れるか、7日到達すると
1日目から再開されます*
`聖晶石 X 1
2月交換券(2023) X 1
`*2700万DL突破記念 特別連続ログインボーナス*
*開催期間中、1日1回 最大7回 連続ログインボーナスをプレゼント！*
`英霊結晶・太陽のフォウくん X 10
`_2023-02-18 19:38:10_
--------
*8e4902556f7f270c8483f9754a4bbdad*
`登陆天数: 16天 / 868天
等级: 122
石头: 1021
呼符: 5
体力: 3693.1266666666666 / 136
友情点: 0 / 698800`
*連続ログイン2日目
※ログインが途切れるか、7日到達すると
1日目から再開されます*
`聖晶石 X 1
2月交換券(2023) X 1
`*2700万DL突破記念 特別連続ログインボーナス*
*開催期間中、1日1回 最大7回 連続ログインボーナスをプレゼント！*
`英霊結晶・太陽のフォウくん X 10
`_2023-02-18 19:38:19_
--------
*0aed57a62fdafcc758bf5e3a0e536e17*
`登陆天数: 298天 / 1204天
等级: 126
石头: 1885
呼符: 0
体力: 106.70333333333333 / 137
友情点: 0 / 961915`
*連続ログイン4日目
※ログインが途切れるか、7日到達すると
1日目から再開されます*
`聖晶石 X 1
2月交換券(2023) X 1
`*2700万DL突破記念 特別連続ログインボーナス*
*開催期間中、1日1回 最大7回 連続ログインボーナスをプレゼント！*
`英霊結晶・太陽のフォウくん X 10
`_2023-02-18 19:38:27_
--------
