【登录信息】
*4f92965d0bd0a4ceebe9aaf20c8adeee*
`登陆天数: 16天 / 903天
等级: 131
石头: 268
呼符: 10
体力: 100168.09333333334 / 138
友情点: 0 / 349705`
*連続ログイン2日目
※ログインが途切れるか、7日到達すると
1日目から再開されます*
`聖晶石 X 1
2月交換券(2023) X 1
`*2700万DL突破記念 特別連続ログインボーナス*
*開催期間中、1日1回 最大7回 連続ログインボーナスをプレゼント！*
`聖晶石 X 30
`_2023-02-19 19:37:46_
--------
*9210f112a4e0e151d8f1859e42fc2354*
`登陆天数: 17天 / 903天
等级: 130
石头: 24
呼符: 0
体力: 3985.23 / 138
友情点: 0 / 520380`
*連続ログイン3日目
※ログインが途切れるか、7日到達すると
1日目から再開されます*
`叡智の業火 X 1
2月交換券(2023) X 1
`*2700万DL突破記念 特別連続ログインボーナス*
*開催期間中、1日1回 最大7回 連続ログインボーナスをプレゼント！*
`聖晶石 X 30
`_2023-02-19 19:37:55_
--------
*f3cf223ddb2dd700986e941ed1300ae2*
`登陆天数: 17天 / 828天
等级: 122
石头: 1035
呼符: 5
体力: 3984.86 / 136
友情点: 0 / 589680`
*連続ログイン3日目
※ログインが途切れるか、7日到達すると
1日目から再開されます*
`叡智の業火 X 1
2月交換券(2023) X 1
`*2700万DL突破記念 特別連続ログインボーナス*
*開催期間中、1日1回 最大7回 連続ログインボーナスをプレゼント！*
`聖晶石 X 30
`_2023-02-19 19:38:03_
--------
*8e4902556f7f270c8483f9754a4bbdad*
`登陆天数: 17天 / 869天
等级: 122
石头: 1021
呼符: 5
体力: 3981.1 / 136
友情点: 0 / 698800`
*連続ログイン3日目
※ログインが途切れるか、7日到達すると
1日目から再開されます*
`叡智の業火 X 1
2月交換券(2023) X 1
`*2700万DL突破記念 特別連続ログインボーナス*
*開催期間中、1日1回 最大7回 連続ログインボーナスをプレゼント！*
`聖晶石 X 30
`_2023-02-19 19:38:11_
--------
*0aed57a62fdafcc758bf5e3a0e536e17*
`登陆天数: 299天 / 1205天
等级: 126
石头: 1885
呼符: 0
体力: 394.6766666666667 / 137
友情点: 0 / 961915`
*連続ログイン5日目
※ログインが途切れるか、7日到達すると
1日目から再開されます*
`叡智の業火 X 2
2月交換券(2023) X 1
`*2700万DL突破記念 特別連続ログインボーナス*
*開催期間中、1日1回 最大7回 連続ログインボーナスをプレゼント！*
`聖晶石 X 30
`_2023-02-19 19:38:19_
--------
