【登录信息】
*4f92965d0bd0a4ceebe9aaf20c8adeee*
`登陆天数: 17天 / 904天
等级: 131
石头: 268
呼符: 10
体力: 100456.15333333334 / 138
友情点: 0 / 349705`
*連続ログイン3日目
※ログインが途切れるか、7日到達すると
1日目から再開されます*
`叡智の業火 X 1
2月交換券(2023) X 1
`_2023-02-20 19:38:04_
--------
*9210f112a4e0e151d8f1859e42fc2354*
`登陆天数: 18天 / 904天
等级: 130
石头: 24
呼符: 0
体力: 4273.286666666667 / 138
友情点: 0 / 520380`
*連続ログイン4日目
※ログインが途切れるか、7日到達すると
1日目から再開されます*
`聖晶石 X 1
2月交換券(2023) X 1
`_2023-02-20 19:38:12_
--------
*f3cf223ddb2dd700986e941ed1300ae2*
`登陆天数: 18天 / 829天
等级: 122
石头: 1035
呼符: 5
体力: 4272.916666666667 / 136
友情点: 0 / 589680`
*連続ログイン4日目
※ログインが途切れるか、7日到達すると
1日目から再開されます*
`聖晶石 X 1
2月交換券(2023) X 1
`_2023-02-20 19:38:21_
--------
*8e4902556f7f270c8483f9754a4bbdad*
`登陆天数: 18天 / 870天
等级: 122
石头: 1021
呼符: 5
体力: 4269.16 / 136
友情点: 0 / 698800`
*連続ログイン4日目
※ログインが途切れるか、7日到達すると
1日目から再開されます*
`聖晶石 X 1
2月交換券(2023) X 1
`_2023-02-20 19:38:29_
--------
*0aed57a62fdafcc758bf5e3a0e536e17*
`登陆天数: 300天 / 1206天
等级: 126
石头: 1885
呼符: 0
体力: 682.7366666666667 / 137
友情点: 0 / 961915`
*連続ログイン6日目
※ログインが途切れるか、7日到達すると
1日目から再開されます*
`聖晶石 X 2
2月交換券(2023) X 1
`_2023-02-20 19:38:37_
--------
