【登录信息】
*4f92965d0bd0a4ceebe9aaf20c8adeee*
`登陆天数: 18天 / 905天
等级: 131
石头: 268
呼符: 10
体力: 100744.11 / 138
友情点: 0 / 349705`
*連続ログイン4日目
※ログインが途切れるか、7日到達すると
1日目から再開されます*
`聖晶石 X 1
2月交換券(2023) X 1
`_2023-02-21 19:37:51_
--------
*9210f112a4e0e151d8f1859e42fc2354*
`登陆天数: 19天 / 905天
等级: 130
石头: 24
呼符: 0
体力: 4561.243333333333 / 138
友情点: 0 / 520380`
*連続ログイン5日目
※ログインが途切れるか、7日到達すると
1日目から再開されます*
`叡智の業火 X 2
2月交換券(2023) X 1
`_2023-02-21 19:37:59_
--------
*f3cf223ddb2dd700986e941ed1300ae2*
`登陆天数: 19天 / 830天
等级: 122
石头: 1035
呼符: 5
体力: 4560.873333333333 / 136
友情点: 0 / 589680`
*連続ログイン5日目
※ログインが途切れるか、7日到達すると
1日目から再開されます*
`叡智の業火 X 2
2月交換券(2023) X 1
`_2023-02-21 19:38:07_
--------
*8e4902556f7f270c8483f9754a4bbdad*
`登陆天数: 19天 / 871天
等级: 122
石头: 1021
呼符: 5
体力: 4557.113333333334 / 136
友情点: 0 / 698800`
*連続ログイン5日目
※ログインが途切れるか、7日到達すると
1日目から再開されます*
`叡智の業火 X 2
2月交換券(2023) X 1
`_2023-02-21 19:38:15_
--------
*0aed57a62fdafcc758bf5e3a0e536e17*
`登陆天数: 301天 / 1207天
等级: 126
石头: 1705
呼符: 0
体力: 177.29 / 137
友情点: 0 / 961915`
*連続ログイン7日間到達おめでとうございます！
明日は1日目からリスタートされます。*
`獣の足跡 X 1
呼符 X 1
2月交換券(2023) X 1
`_2023-02-21 19:38:24_
--------
