【登录信息】
*4f92965d0bd0a4ceebe9aaf20c8adeee*
`登陆天数: 24天 / 911天
等级: 131
石头: 268
呼符: 10
体力: 102472.14 / 138
友情点: 0 / 349705`
*連続ログイン3日目
※ログインが途切れるか、7日到達すると
1日目から再開されます*
`叡智の業火 X 1
2月交換券(2023) X 1
`_2023-02-27 19:38:00_
--------
*9210f112a4e0e151d8f1859e42fc2354*
`登陆天数: 25天 / 911天
等级: 130
石头: 24
呼符: 0
体力: 6289.2733333333335 / 138
友情点: 0 / 520380`
*連続ログイン4日目
※ログインが途切れるか、7日到達すると
1日目から再開されます*
`聖晶石 X 1
2月交換券(2023) X 1
`_2023-02-27 19:38:08_
--------
*f3cf223ddb2dd700986e941ed1300ae2*
`登陆天数: 25天 / 836天
等级: 122
石头: 1035
呼符: 5
体力: 6288.903333333334 / 136
友情点: 0 / 589680`
*連続ログイン4日目
※ログインが途切れるか、7日到達すると
1日目から再開されます*
`聖晶石 X 1
2月交換券(2023) X 1
`_2023-02-27 19:38:17_
--------
*8e4902556f7f270c8483f9754a4bbdad*
`登陆天数: 25天 / 877天
等级: 122
石头: 1021
呼符: 5
体力: 6285.1466666666665 / 136
友情点: 0 / 698800`
*連続ログイン4日目
※ログインが途切れるか、7日到達すると
1日目から再開されます*
`聖晶石 X 1
2月交換券(2023) X 1
`_2023-02-27 19:38:25_
--------
*0aed57a62fdafcc758bf5e3a0e536e17*
`登陆天数: 307天 / 1213天
等级: 126
石头: 364
呼符: 0
体力: 1244.6166666666666 / 137
友情点: 0 / 961915`
*連続ログイン6日目
※ログインが途切れるか、7日到達すると
1日目から再開されます*
`聖晶石 X 2
2月交換券(2023) X 1
`_2023-02-27 19:38:33_
--------
