【登录信息】
*4f92965d0bd0a4ceebe9aaf20c8adeee*
`登陆天数: 57天 / 944天
等级: 131
石头: 268
呼符: 10
体力: 111976.12666666666 / 138
友情点: 0 / 349740`
*連続ログイン1日目
※ログインが途切れるか、7日到達すると
1日目から再開されます*
`フレンドポイント X 2000
4月交換券(2023) X 1
`*Fate/Grand Order 春の新米マスター応援キャンペーン2023！
日替りログインボーナス*
*開催期間中、1日1回 6日間日替りでログインボーナスをプレゼント！*
`呼符 X 1
`_2023-04-01 19:37:56_
--------
*9210f112a4e0e151d8f1859e42fc2354*
`登陆天数: 58天 / 944天
等级: 130
石头: 24
呼符: 0
体力: 15793.263333333334 / 138
友情点: 0 / 520380`
*連続ログイン2日目
※ログインが途切れるか、7日到達すると
1日目から再開されます*
`聖晶石 X 1
4月交換券(2023) X 1
`*Fate/Grand Order 春の新米マスター応援キャンペーン2023！
日替りログインボーナス*
*開催期間中、1日1回 6日間日替りでログインボーナスをプレゼント！*
`呼符 X 1
`_2023-04-01 19:38:05_
--------
*f3cf223ddb2dd700986e941ed1300ae2*
`登陆天数: 58天 / 869天
等级: 122
石头: 1035
呼符: 5
体力: 15792.893333333333 / 136
友情点: 0 / 589680`
*連続ログイン2日目
※ログインが途切れるか、7日到達すると
1日目から再開されます*
`聖晶石 X 1
4月交換券(2023) X 1
`*Fate/Grand Order 春の新米マスター応援キャンペーン2023！
日替りログインボーナス*
*開催期間中、1日1回 6日間日替りでログインボーナスをプレゼント！*
`呼符 X 1
`_2023-04-01 19:38:13_
--------
*8e4902556f7f270c8483f9754a4bbdad*
`登陆天数: 58天 / 910天
等级: 122
石头: 1021
呼符: 5
体力: 15789.133333333333 / 136
友情点: 0 / 698800`
*連続ログイン2日目
※ログインが途切れるか、7日到達すると
1日目から再開されます*
`聖晶石 X 1
4月交換券(2023) X 1
`*Fate/Grand Order 春の新米マスター応援キャンペーン2023！
日替りログインボーナス*
*開催期間中、1日1回 6日間日替りでログインボーナスをプレゼント！*
`呼符 X 1
`_2023-04-01 19:38:22_
--------
*0aed57a62fdafcc758bf5e3a0e536e17*
`登陆天数: 340天 / 1246天
等级: 126
石头: 73
呼符: 5
体力: 205.17333333333335 / 137
友情点: 0 / 961915`
*連続ログイン4日目
※ログインが途切れるか、7日到達すると
1日目から再開されます*
`聖晶石 X 1
4月交換券(2023) X 1
`*Fate/Grand Order 春の新米マスター応援キャンペーン2023！
日替りログインボーナス*
*開催期間中、1日1回 6日間日替りでログインボーナスをプレゼント！*
`呼符 X 1
`_2023-04-01 19:38:30_
--------
