【登录信息】
*4f92965d0bd0a4ceebe9aaf20c8adeee*
`登陆天数: 59天 / 946天
等级: 131
石头: 268
呼符: 10
体力: 112552.07666666666 / 138
友情点: 0 / 349740`
*連続ログイン3日目
※ログインが途切れるか、7日到達すると
1日目から再開されます*
`叡智の業火 X 1
4月交換券(2023) X 1
`*日替りログインボーナス*
*開催期間中、1日1回 4週間日替りでログインボーナスをプレゼント！*
`巡霊の葉 X 30
`_2023-04-03 19:37:41_
--------
*9210f112a4e0e151d8f1859e42fc2354*
`登陆天数: 60天 / 946天
等级: 130
石头: 24
呼符: 0
体力: 16369.213333333333 / 138
友情点: 0 / 520380`
*連続ログイン4日目
※ログインが途切れるか、7日到達すると
1日目から再開されます*
`聖晶石 X 1
4月交換券(2023) X 1
`*日替りログインボーナス*
*開催期間中、1日1回 4週間日替りでログインボーナスをプレゼント！*
`巡霊の葉 X 30
`_2023-04-03 19:37:50_
--------
*f3cf223ddb2dd700986e941ed1300ae2*
`登陆天数: 60天 / 871天
等级: 122
石头: 1035
呼符: 5
体力: 16368.843333333334 / 136
友情点: 0 / 589680`
*連続ログイン4日目
※ログインが途切れるか、7日到達すると
1日目から再開されます*
`聖晶石 X 1
4月交換券(2023) X 1
`*日替りログインボーナス*
*開催期間中、1日1回 4週間日替りでログインボーナスをプレゼント！*
`巡霊の葉 X 30
`_2023-04-03 19:37:58_
--------
*8e4902556f7f270c8483f9754a4bbdad*
`登陆天数: 60天 / 912天
等级: 122
石头: 1021
呼符: 5
体力: 16365.083333333334 / 136
友情点: 0 / 698800`
*連続ログイン4日目
※ログインが途切れるか、7日到達すると
1日目から再開されます*
`聖晶石 X 1
4月交換券(2023) X 1
`*日替りログインボーナス*
*開催期間中、1日1回 4週間日替りでログインボーナスをプレゼント！*
`巡霊の葉 X 30
`_2023-04-03 19:38:06_
--------
*0aed57a62fdafcc758bf5e3a0e536e17*
`登陆天数: 342天 / 1248天
等级: 126
石头: 73
呼符: 5
体力: 781.1266666666667 / 137
友情点: 0 / 961915`
*連続ログイン6日目
※ログインが途切れるか、7日到達すると
1日目から再開されます*
`聖晶石 X 2
4月交換券(2023) X 1
`*日替りログインボーナス*
*開催期間中、1日1回 4週間日替りでログインボーナスをプレゼント！*
`巡霊の葉 X 30
`_2023-04-03 19:38:15_
--------
