【登录信息】
*4f92965d0bd0a4ceebe9aaf20c8adeee*
`登陆天数: 60天 / 947天
等级: 131
石头: 268
呼符: 10
体力: 112840.10666666667 / 138
友情点: 0 / 349740`
*連続ログイン4日目
※ログインが途切れるか、7日到達すると
1日目から再開されます*
`聖晶石 X 1
4月交換券(2023) X 1
`*日替りログインボーナス*
*開催期間中、1日1回 4週間日替りでログインボーナスをプレゼント！*
`巡霊の葉 X 100
`_2023-04-04 19:37:50_
--------
*9210f112a4e0e151d8f1859e42fc2354*
`登陆天数: 61天 / 947天
等级: 130
石头: 24
呼符: 0
体力: 16657.243333333332 / 138
友情点: 0 / 520380`
*連続ログイン5日目
※ログインが途切れるか、7日到達すると
1日目から再開されます*
`叡智の業火 X 2
4月交換券(2023) X 1
`*日替りログインボーナス*
*開催期間中、1日1回 4週間日替りでログインボーナスをプレゼント！*
`巡霊の葉 X 100
`_2023-04-04 19:37:59_
--------
*f3cf223ddb2dd700986e941ed1300ae2*
`登陆天数: 61天 / 872天
等级: 122
石头: 1035
呼符: 5
体力: 16656.873333333333 / 136
友情点: 0 / 589680`
*連続ログイン5日目
※ログインが途切れるか、7日到達すると
1日目から再開されます*
`叡智の業火 X 2
4月交換券(2023) X 1
`*日替りログインボーナス*
*開催期間中、1日1回 4週間日替りでログインボーナスをプレゼント！*
`巡霊の葉 X 100
`_2023-04-04 19:38:07_
--------
*8e4902556f7f270c8483f9754a4bbdad*
`登陆天数: 61天 / 913天
等级: 122
石头: 1021
呼符: 5
体力: 16653.113333333335 / 136
友情点: 0 / 698800`
*連続ログイン5日目
※ログインが途切れるか、7日到達すると
1日目から再開されます*
`叡智の業火 X 2
4月交換券(2023) X 1
`*日替りログインボーナス*
*開催期間中、1日1回 4週間日替りでログインボーナスをプレゼント！*
`巡霊の葉 X 100
`_2023-04-04 19:38:15_
--------
*0aed57a62fdafcc758bf5e3a0e536e17*
`登陆天数: 343天 / 1249天
等级: 126
石头: 73
呼符: 5
体力: 1069.1533333333332 / 137
友情点: 0 / 961915`
*連続ログイン7日間到達おめでとうございます！
明日は1日目からリスタートされます。*
`獣の足跡 X 1
呼符 X 1
4月交換券(2023) X 1
`*日替りログインボーナス*
*開催期間中、1日1回 4週間日替りでログインボーナスをプレゼント！*
`巡霊の葉 X 100
`_2023-04-04 19:38:24_
--------
