【登录信息】
*4f92965d0bd0a4ceebe9aaf20c8adeee*
`登陆天数: 61天 / 948天
等级: 131
石头: 268
呼符: 10
体力: 113128.12333333334 / 138
友情点: 100 / 349840`
*連続ログイン5日目
※ログインが途切れるか、7日到達すると
1日目から再開されます*
`叡智の業火 X 2
4月交換券(2023) X 1
`*日替りログインボーナス*
*開催期間中、1日1回 4週間日替りでログインボーナスをプレゼント！*
`巡霊の葉 X 30
`_2023-04-05 19:37:55_
--------
*9210f112a4e0e151d8f1859e42fc2354*
`登陆天数: 62天 / 948天
等级: 130
石头: 24
呼符: 0
体力: 16945.256666666668 / 138
友情点: 0 / 520380`
*連続ログイン6日目
※ログインが途切れるか、7日到達すると
1日目から再開されます*
`聖晶石 X 2
4月交換券(2023) X 1
`*日替りログインボーナス*
*開催期間中、1日1回 4週間日替りでログインボーナスをプレゼント！*
`巡霊の葉 X 30
`_2023-04-05 19:38:03_
--------
*f3cf223ddb2dd700986e941ed1300ae2*
`登陆天数: 62天 / 873天
等级: 122
石头: 1035
呼符: 5
体力: 16944.89 / 136
友情点: 0 / 589680`
*連続ログイン6日目
※ログインが途切れるか、7日到達すると
1日目から再開されます*
`聖晶石 X 2
4月交換券(2023) X 1
`*日替りログインボーナス*
*開催期間中、1日1回 4週間日替りでログインボーナスをプレゼント！*
`巡霊の葉 X 30
`_2023-04-05 19:38:12_
--------
*8e4902556f7f270c8483f9754a4bbdad*
`登陆天数: 62天 / 914天
等级: 122
石头: 1021
呼符: 5
体力: 16941.13 / 136
友情点: 0 / 698800`
*連続ログイン6日目
※ログインが途切れるか、7日到達すると
1日目から再開されます*
`聖晶石 X 2
4月交換券(2023) X 1
`*日替りログインボーナス*
*開催期間中、1日1回 4週間日替りでログインボーナスをプレゼント！*
`巡霊の葉 X 30
`_2023-04-05 19:38:20_
--------
*0aed57a62fdafcc758bf5e3a0e536e17*
`登陆天数: 344天 / 1250天
等级: 126
石头: 73
呼符: 5
体力: 1357.17 / 137
友情点: 0 / 961915`
*連続ログイン1日目
※ログインが途切れるか、7日到達すると
1日目から再開されます*
`フレンドポイント X 2000
4月交換券(2023) X 1
`*日替りログインボーナス*
*開催期間中、1日1回 4週間日替りでログインボーナスをプレゼント！*
`巡霊の葉 X 30
`_2023-04-05 19:38:28_
--------
