【登录信息】
*4f92965d0bd0a4ceebe9aaf20c8adeee*
`登陆天数: 62天 / 949天
等级: 131
石头: 268
呼符: 10
体力: 113416.13666666667 / 138
友情点: 0 / 349840`
*連続ログイン6日目
※ログインが途切れるか、7日到達すると
1日目から再開されます*
`聖晶石 X 2
4月交換券(2023) X 1
`*日替りログインボーナス*
*開催期間中、1日1回 4週間日替りでログインボーナスをプレゼント！*
`巡霊の葉 X 30
`_2023-04-06 19:37:59_
--------
*9210f112a4e0e151d8f1859e42fc2354*
`登陆天数: 63天 / 949天
等级: 130
石头: 24
呼符: 0
体力: 17233.27 / 138
友情点: 0 / 520380`
*連続ログイン7日間到達おめでとうございます！
明日は1日目からリスタートされます。*
`獣の足跡 X 1
呼符 X 1
4月交換券(2023) X 1
`*日替りログインボーナス*
*開催期間中、1日1回 4週間日替りでログインボーナスをプレゼント！*
`巡霊の葉 X 30
`_2023-04-06 19:38:07_
--------
*f3cf223ddb2dd700986e941ed1300ae2*
`登陆天数: 63天 / 874天
等级: 122
石头: 1035
呼符: 5
体力: 17232.9 / 136
友情点: 0 / 589680`
*連続ログイン7日間到達おめでとうございます！
明日は1日目からリスタートされます。*
`獣の足跡 X 1
呼符 X 1
4月交換券(2023) X 1
`*日替りログインボーナス*
*開催期間中、1日1回 4週間日替りでログインボーナスをプレゼント！*
`巡霊の葉 X 30
`_2023-04-06 19:38:16_
--------
*8e4902556f7f270c8483f9754a4bbdad*
`登陆天数: 63天 / 915天
等级: 122
石头: 1021
呼符: 5
体力: 17229.14 / 136
友情点: 0 / 698800`
*連続ログイン7日間到達おめでとうございます！
明日は1日目からリスタートされます。*
`獣の足跡 X 1
呼符 X 1
4月交換券(2023) X 1
`*日替りログインボーナス*
*開催期間中、1日1回 4週間日替りでログインボーナスをプレゼント！*
`巡霊の葉 X 30
`_2023-04-06 19:38:23_
--------
*0aed57a62fdafcc758bf5e3a0e536e17*
`登陆天数: 345天 / 1251天
等级: 126
石头: 73
呼符: 5
体力: 1645.18 / 137
友情点: 0 / 961915`
*連続ログイン2日目
※ログインが途切れるか、7日到達すると
1日目から再開されます*
`聖晶石 X 1
4月交換券(2023) X 1
`*日替りログインボーナス*
*開催期間中、1日1回 4週間日替りでログインボーナスをプレゼント！*
`巡霊の葉 X 30
`_2023-04-06 19:38:32_
--------
