【登录信息】
*4f92965d0bd0a4ceebe9aaf20c8adeee*
`登陆天数: 25天 / 912天
等级: 131
石头: 268
呼符: 10
体力: 102760.10333333333 / 138
友情点: 25 / 349730`
*連続ログイン4日目
※ログインが途切れるか、7日到達すると
1日目から再開されます*
`聖晶石 X 1
3月交換券(2023) X 1
`_2023-02-28 19:37:49_
--------
*9210f112a4e0e151d8f1859e42fc2354*
`登陆天数: 26天 / 912天
等级: 130
石头: 24
呼符: 0
体力: 6577.236666666667 / 138
友情点: 0 / 520380`
*連続ログイン5日目
※ログインが途切れるか、7日到達すると
1日目から再開されます*
`叡智の業火 X 2
3月交換券(2023) X 1
`_2023-02-28 19:37:57_
--------
*f3cf223ddb2dd700986e941ed1300ae2*
`登陆天数: 26天 / 837天
等级: 122
石头: 1035
呼符: 5
体力: 6576.87 / 136
友情点: 0 / 589680`
*連続ログイン5日目
※ログインが途切れるか、7日到達すると
1日目から再開されます*
`叡智の業火 X 2
3月交換券(2023) X 1
`_2023-02-28 19:38:06_
--------
*8e4902556f7f270c8483f9754a4bbdad*
`登陆天数: 26天 / 878天
等级: 122
石头: 1021
呼符: 5
体力: 6573.11 / 136
友情点: 0 / 698800`
*連続ログイン5日目
※ログインが途切れるか、7日到達すると
1日目から再開されます*
`叡智の業火 X 2
3月交換券(2023) X 1
`_2023-02-28 19:38:14_
--------
*0aed57a62fdafcc758bf5e3a0e536e17*
`登陆天数: 308天 / 1214天
等级: 126
石头: 364
呼符: 0
体力: 1532.58 / 137
友情点: 0 / 961915`
*連続ログイン7日間到達おめでとうございます！
明日は1日目からリスタートされます。*
`獣の足跡 X 1
呼符 X 1
3月交換券(2023) X 1
`_2023-02-28 19:38:22_
--------
