【登录信息】
*4f92965d0bd0a4ceebe9aaf20c8adeee*
`登陆天数: 31天 / 918天
等级: 131
石头: 268
呼符: 10
体力: 104488.15333333334 / 138
友情点: 0 / 349740`
*連続ログイン3日目
※ログインが途切れるか、7日到達すると
1日目から再開されます*
`叡智の業火 X 1
3月交換券(2023) X 1
`_2023-03-06 19:38:04_
--------
*9210f112a4e0e151d8f1859e42fc2354*
`登陆天数: 32天 / 918天
等级: 130
石头: 24
呼符: 0
体力: 8305.286666666667 / 138
友情点: 0 / 520380`
*連続ログイン4日目
※ログインが途切れるか、7日到達すると
1日目から再開されます*
`聖晶石 X 1
3月交換券(2023) X 1
`_2023-03-06 19:38:12_
--------
*f3cf223ddb2dd700986e941ed1300ae2*
`登陆天数: 32天 / 843天
等级: 122
石头: 1035
呼符: 5
体力: 8304.92 / 136
友情点: 0 / 589680`
*連続ログイン4日目
※ログインが途切れるか、7日到達すると
1日目から再開されます*
`聖晶石 X 1
3月交換券(2023) X 1
`_2023-03-06 19:38:21_
--------
*8e4902556f7f270c8483f9754a4bbdad*
`登陆天数: 32天 / 884天
等级: 122
石头: 1021
呼符: 5
体力: 8301.16 / 136
友情点: 0 / 698800`
*連続ログイン4日目
※ログインが途切れるか、7日到達すると
1日目から再開されます*
`聖晶石 X 1
3月交換券(2023) X 1
`_2023-03-06 19:38:29_
--------
*0aed57a62fdafcc758bf5e3a0e536e17*
`登陆天数: 314天 / 1220天
等级: 126
石头: 370
呼符: 1
体力: 240.36333333333334 / 137
友情点: 0 / 961915`
*連続ログイン6日目
※ログインが途切れるか、7日到達すると
1日目から再開されます*
`聖晶石 X 2
3月交換券(2023) X 1
`_2023-03-06 19:38:38_
--------
