【登录信息】
*4f92965d0bd0a4ceebe9aaf20c8adeee*
`登陆天数: 33天 / 920天
等级: 131
石头: 268
呼符: 10
体力: 105064.15333333334 / 138
友情点: 0 / 349740`
*連続ログイン5日目
※ログインが途切れるか、7日到達すると
1日目から再開されます*
`叡智の業火 X 2
3月交換券(2023) X 1
`*CBC2023開催直前特別連続ログインボーナス*
*開催期間中、1日1回 最大7回 連続ログインボーナスをプレゼント！*
`白銀の果実 X 2
`_2023-03-08 19:38:04_
--------
*9210f112a4e0e151d8f1859e42fc2354*
`登陆天数: 34天 / 920天
等级: 130
石头: 24
呼符: 0
体力: 8881.286666666667 / 138
友情点: 0 / 520380`
*連続ログイン6日目
※ログインが途切れるか、7日到達すると
1日目から再開されます*
`聖晶石 X 2
3月交換券(2023) X 1
`*CBC2023開催直前特別連続ログインボーナス*
*開催期間中、1日1回 最大7回 連続ログインボーナスをプレゼント！*
`白銀の果実 X 2
`_2023-03-08 19:38:12_
--------
*f3cf223ddb2dd700986e941ed1300ae2*
`登陆天数: 34天 / 845天
等级: 122
石头: 1035
呼符: 5
体力: 8880.92 / 136
友情点: 0 / 589680`
*連続ログイン6日目
※ログインが途切れるか、7日到達すると
1日目から再開されます*
`聖晶石 X 2
3月交換券(2023) X 1
`*CBC2023開催直前特別連続ログインボーナス*
*開催期間中、1日1回 最大7回 連続ログインボーナスをプレゼント！*
`白銀の果実 X 2
`_2023-03-08 19:38:21_
--------
*8e4902556f7f270c8483f9754a4bbdad*
`登陆天数: 34天 / 886天
等级: 122
石头: 1021
呼符: 5
体力: 8877.16 / 136
友情点: 0 / 698800`
*連続ログイン6日目
※ログインが途切れるか、7日到達すると
1日目から再開されます*
`聖晶石 X 2
3月交換券(2023) X 1
`*CBC2023開催直前特別連続ログインボーナス*
*開催期間中、1日1回 最大7回 連続ログインボーナスをプレゼント！*
`白銀の果実 X 2
`_2023-03-08 19:38:29_
--------
*0aed57a62fdafcc758bf5e3a0e536e17*
`登陆天数: 316天 / 1222天
等级: 126
石头: 370
呼符: 1
体力: 816.36 / 137
友情点: 0 / 961915`
*連続ログイン1日目
※ログインが途切れるか、7日到達すると
1日目から再開されます*
`フレンドポイント X 2000
3月交換券(2023) X 1
`*CBC2023開催直前特別連続ログインボーナス*
*開催期間中、1日1回 最大7回 連続ログインボーナスをプレゼント！*
`白銀の果実 X 2
`_2023-03-08 19:38:37_
--------
