【登录信息】
*4f92965d0bd0a4ceebe9aaf20c8adeee*
`登陆天数: 36天 / 923天
等级: 131
石头: 268
呼符: 10
体力: 105928.12333333334 / 138
友情点: 0 / 349740`
*連続ログイン1日目
※ログインが途切れるか、7日到達すると
1日目から再開されます*
`フレンドポイント X 2000
3月交換券(2023) X 1
`*「FGO ウィンターパーティー 2022-2023」大阪会場開催直前 ログインボーナス*
*開催期間中、1日1回 最大3回 ログインボーナスをプレゼント！*
`黄金の果実 X 1
`_2023-03-11 19:37:56_
--------
*9210f112a4e0e151d8f1859e42fc2354*
`登陆天数: 37天 / 923天
等级: 130
石头: 24
呼符: 0
体力: 9745.26 / 138
友情点: 0 / 520380`
*連続ログイン2日目
※ログインが途切れるか、7日到達すると
1日目から再開されます*
`聖晶石 X 1
3月交換券(2023) X 1
`*「FGO ウィンターパーティー 2022-2023」大阪会場開催直前 ログインボーナス*
*開催期間中、1日1回 最大3回 ログインボーナスをプレゼント！*
`黄金の果実 X 1
`_2023-03-11 19:38:04_
--------
*f3cf223ddb2dd700986e941ed1300ae2*
`登陆天数: 37天 / 848天
等级: 122
石头: 1035
呼符: 5
体力: 9744.89 / 136
友情点: 0 / 589680`
*連続ログイン2日目
※ログインが途切れるか、7日到達すると
1日目から再開されます*
`聖晶石 X 1
3月交換券(2023) X 1
`*「FGO ウィンターパーティー 2022-2023」大阪会場開催直前 ログインボーナス*
*開催期間中、1日1回 最大3回 ログインボーナスをプレゼント！*
`黄金の果実 X 1
`_2023-03-11 19:38:12_
--------
*8e4902556f7f270c8483f9754a4bbdad*
`登陆天数: 37天 / 889天
等级: 122
石头: 1021
呼符: 5
体力: 9741.133333333333 / 136
友情点: 0 / 698800`
*連続ログイン2日目
※ログインが途切れるか、7日到達すると
1日目から再開されます*
`聖晶石 X 1
3月交換券(2023) X 1
`*「FGO ウィンターパーティー 2022-2023」大阪会場開催直前 ログインボーナス*
*開催期間中、1日1回 最大3回 ログインボーナスをプレゼント！*
`黄金の果実 X 1
`_2023-03-11 19:38:21_
--------
*0aed57a62fdafcc758bf5e3a0e536e17*
`登陆天数: 319天 / 1225天
等级: 126
石头: 1
呼符: 0
体力: 252.51666666666665 / 137
友情点: 0 / 961915`
*連続ログイン4日目
※ログインが途切れるか、7日到達すると
1日目から再開されます*
`聖晶石 X 1
3月交換券(2023) X 1
`*「FGO ウィンターパーティー 2022-2023」大阪会場開催直前 ログインボーナス*
*開催期間中、1日1回 最大3回 ログインボーナスをプレゼント！*
`黄金の果実 X 1
`_2023-03-11 19:38:29_
--------
