【登录信息】
*4f92965d0bd0a4ceebe9aaf20c8adeee*
`登陆天数: 37天 / 924天
等级: 131
石头: 268
呼符: 10
体力: 106216.13 / 138
友情点: 0 / 349740`
*連続ログイン2日目
※ログインが途切れるか、7日到達すると
1日目から再開されます*
`聖晶石 X 1
3月交換券(2023) X 1
`*CBC2023開催直前特別連続ログインボーナス*
*開催期間中、1日1回 最大7回 連続ログインボーナスをプレゼント！*
`英霊結晶・太陽のフォウくん X 3
`_2023-03-12 19:37:58_
--------
*9210f112a4e0e151d8f1859e42fc2354*
`登陆天数: 38天 / 924天
等级: 130
石头: 24
呼符: 0
体力: 10033.266666666666 / 138
友情点: 0 / 520380`
*連続ログイン3日目
※ログインが途切れるか、7日到達すると
1日目から再開されます*
`叡智の業火 X 1
3月交換券(2023) X 1
`*CBC2023開催直前特別連続ログインボーナス*
*開催期間中、1日1回 最大7回 連続ログインボーナスをプレゼント！*
`英霊結晶・太陽のフォウくん X 3
`_2023-03-12 19:38:06_
--------
*f3cf223ddb2dd700986e941ed1300ae2*
`登陆天数: 38天 / 849天
等级: 122
石头: 1035
呼符: 5
体力: 10032.896666666667 / 136
友情点: 0 / 589680`
*連続ログイン3日目
※ログインが途切れるか、7日到達すると
1日目から再開されます*
`叡智の業火 X 1
3月交換券(2023) X 1
`*CBC2023開催直前特別連続ログインボーナス*
*開催期間中、1日1回 最大7回 連続ログインボーナスをプレゼント！*
`英霊結晶・太陽のフォウくん X 3
`_2023-03-12 19:38:14_
--------
*8e4902556f7f270c8483f9754a4bbdad*
`登陆天数: 38天 / 890天
等级: 122
石头: 1021
呼符: 5
体力: 10029.136666666667 / 136
友情点: 0 / 698800`
*連続ログイン3日目
※ログインが途切れるか、7日到達すると
1日目から再開されます*
`叡智の業火 X 1
3月交換券(2023) X 1
`*CBC2023開催直前特別連続ログインボーナス*
*開催期間中、1日1回 最大7回 連続ログインボーナスをプレゼント！*
`英霊結晶・太陽のフォウくん X 3
`_2023-03-12 19:38:22_
--------
*0aed57a62fdafcc758bf5e3a0e536e17*
`登陆天数: 320天 / 1226天
等级: 126
石头: 1
呼符: 0
体力: 540.52 / 137
友情点: 0 / 961915`
*連続ログイン5日目
※ログインが途切れるか、7日到達すると
1日目から再開されます*
`叡智の業火 X 2
3月交換券(2023) X 1
`*CBC2023開催直前特別連続ログインボーナス*
*開催期間中、1日1回 最大7回 連続ログインボーナスをプレゼント！*
`英霊結晶・太陽のフォウくん X 3
`_2023-03-12 19:38:30_
--------
