【登录信息】
*4f92965d0bd0a4ceebe9aaf20c8adeee*
`登陆天数: 41天 / 928天
等级: 131
石头: 268
呼符: 10
体力: 107368.08 / 138
友情点: 0 / 349740`
*連続ログイン6日目
※ログインが途切れるか、7日到達すると
1日目から再開されます*
`聖晶石 X 2
3月交換券(2023) X 1
`_2023-03-16 19:37:42_
--------
*9210f112a4e0e151d8f1859e42fc2354*
`登陆天数: 42天 / 928天
等级: 130
石头: 24
呼符: 0
体力: 11185.213333333333 / 138
友情点: 0 / 520380`
*連続ログイン7日間到達おめでとうございます！
明日は1日目からリスタートされます。*
`獣の足跡 X 1
呼符 X 1
3月交換券(2023) X 1
`_2023-03-16 19:37:50_
--------
*f3cf223ddb2dd700986e941ed1300ae2*
`登陆天数: 42天 / 853天
等级: 122
石头: 1035
呼符: 5
体力: 11184.846666666666 / 136
友情点: 0 / 589680`
*連続ログイン7日間到達おめでとうございます！
明日は1日目からリスタートされます。*
`獣の足跡 X 1
呼符 X 1
3月交換券(2023) X 1
`_2023-03-16 19:37:59_
--------
*8e4902556f7f270c8483f9754a4bbdad*
`登陆天数: 42天 / 894天
等级: 122
石头: 1021
呼符: 5
体力: 11181.086666666666 / 136
友情点: 0 / 698800`
*連続ログイン7日間到達おめでとうございます！
明日は1日目からリスタートされます。*
`獣の足跡 X 1
呼符 X 1
3月交換券(2023) X 1
`_2023-03-16 19:38:07_
--------
*0aed57a62fdafcc758bf5e3a0e536e17*
`登陆天数: 324天 / 1230天
等级: 126
石头: 28
呼符: 2
体力: 1692.4733333333334 / 137
友情点: 0 / 961915`
*連続ログイン2日目
※ログインが途切れるか、7日到達すると
1日目から再開されます*
`聖晶石 X 1
3月交換券(2023) X 1
`_2023-03-16 19:38:16_
--------
