【登录信息】
*4f92965d0bd0a4ceebe9aaf20c8adeee*
`登陆天数: 42天 / 929天
等级: 131
石头: 268
呼符: 10
体力: 107656.09333333334 / 138
友情点: 0 / 349740`
*連続ログイン7日間到達おめでとうございます！
明日は1日目からリスタートされます。*
`獣の足跡 X 1
呼符 X 1
3月交換券(2023) X 1
`*「カルデアボーイズコレクション2023」開催記念初回ログインボーナス*
*開催期間中、初回ログインで「CBC2023特別優待券」をプレゼント！*
`CBC2023特別優待券 X 1
`_2023-03-17 19:37:46_
--------
*9210f112a4e0e151d8f1859e42fc2354*
`登陆天数: 43天 / 929天
等级: 130
石头: 24
呼符: 0
体力: 11473.226666666667 / 138
友情点: 0 / 520380`
*連続ログイン1日目
※ログインが途切れるか、7日到達すると
1日目から再開されます*
`フレンドポイント X 2000
3月交換券(2023) X 1
`*「カルデアボーイズコレクション2023」開催記念初回ログインボーナス*
*開催期間中、初回ログインで「CBC2023特別優待券」をプレゼント！*
`CBC2023特別優待券 X 1
`_2023-03-17 19:37:54_
--------
*f3cf223ddb2dd700986e941ed1300ae2*
`登陆天数: 43天 / 854天
等级: 122
石头: 1035
呼符: 5
体力: 11472.86 / 136
友情点: 0 / 589680`
*連続ログイン1日目
※ログインが途切れるか、7日到達すると
1日目から再開されます*
`フレンドポイント X 2000
3月交換券(2023) X 1
`*「カルデアボーイズコレクション2023」開催記念初回ログインボーナス*
*開催期間中、初回ログインで「CBC2023特別優待券」をプレゼント！*
`CBC2023特別優待券 X 1
`_2023-03-17 19:38:03_
--------
*8e4902556f7f270c8483f9754a4bbdad*
`登陆天数: 43天 / 895天
等级: 122
石头: 1021
呼符: 5
体力: 11469.1 / 136
友情点: 0 / 698800`
*連続ログイン1日目
※ログインが途切れるか、7日到達すると
1日目から再開されます*
`フレンドポイント X 2000
3月交換券(2023) X 1
`*「カルデアボーイズコレクション2023」開催記念初回ログインボーナス*
*開催期間中、初回ログインで「CBC2023特別優待券」をプレゼント！*
`CBC2023特別優待券 X 1
`_2023-03-17 19:38:11_
--------
*0aed57a62fdafcc758bf5e3a0e536e17*
`登陆天数: 325天 / 1231天
等级: 126
石头: 28
呼符: 2
体力: 1980.4833333333333 / 137
友情点: 0 / 961915`
*連続ログイン3日目
※ログインが途切れるか、7日到達すると
1日目から再開されます*
`叡智の業火 X 1
3月交換券(2023) X 1
`*「カルデアボーイズコレクション2023」開催記念初回ログインボーナス*
*開催期間中、初回ログインで「CBC2023特別優待券」をプレゼント！*
`CBC2023特別優待券 X 1
`_2023-03-17 19:38:19_
--------
