【登录信息】
*4f92965d0bd0a4ceebe9aaf20c8adeee*
`登陆天数: 43天 / 930天
等级: 131
石头: 268
呼符: 10
体力: 107944.11333333333 / 138
友情点: 0 / 349740`
*連続ログイン1日目
※ログインが途切れるか、7日到達すると
1日目から再開されます*
`フレンドポイント X 2000
3月交換券(2023) X 1
`_2023-03-18 19:37:52_
--------
*9210f112a4e0e151d8f1859e42fc2354*
`登陆天数: 44天 / 930天
等级: 130
石头: 24
呼符: 0
体力: 11761.246666666666 / 138
友情点: 0 / 520380`
*連続ログイン2日目
※ログインが途切れるか、7日到達すると
1日目から再開されます*
`聖晶石 X 1
3月交換券(2023) X 1
`_2023-03-18 19:38:00_
--------
*f3cf223ddb2dd700986e941ed1300ae2*
`登陆天数: 44天 / 855天
等级: 122
石头: 1035
呼符: 5
体力: 11760.876666666667 / 136
友情点: 0 / 589680`
*連続ログイン2日目
※ログインが途切れるか、7日到達すると
1日目から再開されます*
`聖晶石 X 1
3月交換券(2023) X 1
`_2023-03-18 19:38:08_
--------
*8e4902556f7f270c8483f9754a4bbdad*
`登陆天数: 44天 / 896天
等级: 122
石头: 1021
呼符: 5
体力: 11757.116666666667 / 136
友情点: 0 / 698800`
*連続ログイン2日目
※ログインが途切れるか、7日到達すると
1日目から再開されます*
`聖晶石 X 1
3月交換券(2023) X 1
`_2023-03-18 19:38:16_
--------
*0aed57a62fdafcc758bf5e3a0e536e17*
`登陆天数: 326天 / 1232天
等级: 126
石头: 28
呼符: 2
体力: 2268.5 / 137
友情点: 0 / 961915`
*連続ログイン4日目
※ログインが途切れるか、7日到達すると
1日目から再開されます*
`聖晶石 X 1
3月交換券(2023) X 1
`_2023-03-18 19:38:25_
--------
