【登录信息】
*4f92965d0bd0a4ceebe9aaf20c8adeee*
`登陆天数: 45天 / 932天
等级: 131
石头: 268
呼符: 10
体力: 108520.12333333334 / 138
友情点: 0 / 349740`
*連続ログイン3日目
※ログインが途切れるか、7日到達すると
1日目から再開されます*
`叡智の業火 X 1
3月交換券(2023) X 1
`_2023-03-20 19:37:55_
--------
*9210f112a4e0e151d8f1859e42fc2354*
`登陆天数: 46天 / 932天
等级: 130
石头: 24
呼符: 0
体力: 12337.256666666666 / 138
友情点: 0 / 520380`
*連続ログイン4日目
※ログインが途切れるか、7日到達すると
1日目から再開されます*
`聖晶石 X 1
3月交換券(2023) X 1
`_2023-03-20 19:38:03_
--------
*f3cf223ddb2dd700986e941ed1300ae2*
`登陆天数: 46天 / 857天
等级: 122
石头: 1035
呼符: 5
体力: 12336.886666666667 / 136
友情点: 0 / 589680`
*連続ログイン4日目
※ログインが途切れるか、7日到達すると
1日目から再開されます*
`聖晶石 X 1
3月交換券(2023) X 1
`_2023-03-20 19:38:11_
--------
*8e4902556f7f270c8483f9754a4bbdad*
`登陆天数: 46天 / 898天
等级: 122
石头: 1021
呼符: 5
体力: 12333.126666666667 / 136
友情点: 0 / 698800`
*連続ログイン4日目
※ログインが途切れるか、7日到達すると
1日目から再開されます*
`聖晶石 X 1
3月交換券(2023) X 1
`_2023-03-20 19:38:19_
--------
*0aed57a62fdafcc758bf5e3a0e536e17*
`登陆天数: 328天 / 1234天
等级: 126
石头: 28
呼符: 2
体力: 2844.51 / 137
友情点: 0 / 961915`
*連続ログイン6日目
※ログインが途切れるか、7日到達すると
1日目から再開されます*
`聖晶石 X 2
3月交換券(2023) X 1
`_2023-03-20 19:38:27_
--------
