【登录信息】
*4f92965d0bd0a4ceebe9aaf20c8adeee*
`登陆天数: 47天 / 934天
等级: 131
石头: 268
呼符: 10
体力: 109096.11666666667 / 138
友情点: 0 / 349740`
*連続ログイン5日目
※ログインが途切れるか、7日到達すると
1日目から再開されます*
`叡智の業火 X 2
3月交換券(2023) X 1
`_2023-03-22 19:37:53_
--------
*9210f112a4e0e151d8f1859e42fc2354*
`登陆天数: 48天 / 934天
等级: 130
石头: 24
呼符: 0
体力: 12913.25 / 138
友情点: 0 / 520380`
*連続ログイン6日目
※ログインが途切れるか、7日到達すると
1日目から再開されます*
`聖晶石 X 2
3月交換券(2023) X 1
`_2023-03-22 19:38:01_
--------
*f3cf223ddb2dd700986e941ed1300ae2*
`登陆天数: 48天 / 859天
等级: 122
石头: 1035
呼符: 5
体力: 12912.883333333333 / 136
友情点: 0 / 589680`
*連続ログイン6日目
※ログインが途切れるか、7日到達すると
1日目から再開されます*
`聖晶石 X 2
3月交換券(2023) X 1
`_2023-03-22 19:38:10_
--------
*8e4902556f7f270c8483f9754a4bbdad*
`登陆天数: 48天 / 900天
等级: 122
石头: 1021
呼符: 5
体力: 12909.123333333333 / 136
友情点: 0 / 698800`
*連続ログイン6日目
※ログインが途切れるか、7日到達すると
1日目から再開されます*
`聖晶石 X 2
3月交換券(2023) X 1
`_2023-03-22 19:38:18_
--------
*0aed57a62fdafcc758bf5e3a0e536e17*
`登陆天数: 330天 / 1236天
等级: 126
石头: 28
呼符: 2
体力: 3420.5066666666667 / 137
友情点: 0 / 961915`
*連続ログイン1日目
※ログインが途切れるか、7日到達すると
1日目から再開されます*
`フレンドポイント X 2000
3月交換券(2023) X 1
`_2023-03-22 19:38:26_
--------
