【登录信息】
*4f92965d0bd0a4ceebe9aaf20c8adeee*
`登陆天数: 48天 / 935天
等级: 131
石头: 268
呼符: 10
体力: 109384.08333333333 / 138
友情点: 0 / 349740`
*連続ログイン6日目
※ログインが途切れるか、7日到達すると
1日目から再開されます*
`聖晶石 X 2
3月交換券(2023) X 1
`_2023-03-23 19:37:43_
--------
*9210f112a4e0e151d8f1859e42fc2354*
`登陆天数: 49天 / 935天
等级: 130
石头: 24
呼符: 0
体力: 13201.22 / 138
友情点: 0 / 520380`
*連続ログイン7日間到達おめでとうございます！
明日は1日目からリスタートされます。*
`獣の足跡 X 1
呼符 X 1
3月交換券(2023) X 1
`_2023-03-23 19:37:51_
--------
*f3cf223ddb2dd700986e941ed1300ae2*
`登陆天数: 49天 / 860天
等级: 122
石头: 1035
呼符: 5
体力: 13200.85 / 136
友情点: 0 / 589680`
*連続ログイン7日間到達おめでとうございます！
明日は1日目からリスタートされます。*
`獣の足跡 X 1
呼符 X 1
3月交換券(2023) X 1
`_2023-03-23 19:38:00_
--------
*8e4902556f7f270c8483f9754a4bbdad*
`登陆天数: 49天 / 901天
等级: 122
石头: 1021
呼符: 5
体力: 13197.09 / 136
友情点: 0 / 698800`
*連続ログイン7日間到達おめでとうございます！
明日は1日目からリスタートされます。*
`獣の足跡 X 1
呼符 X 1
3月交換券(2023) X 1
`_2023-03-23 19:38:09_
--------
*0aed57a62fdafcc758bf5e3a0e536e17*
`登陆天数: 331天 / 1237天
等级: 126
石头: 28
呼符: 2
体力: 3708.4766666666665 / 137
友情点: 0 / 961915`
*連続ログイン2日目
※ログインが途切れるか、7日到達すると
1日目から再開されます*
`聖晶石 X 1
3月交換券(2023) X 1
`_2023-03-23 19:38:17_
--------
