【登录信息】
*4f92965d0bd0a4ceebe9aaf20c8adeee*
`登陆天数: 50天 / 937天
等级: 131
石头: 268
呼符: 10
体力: 109960.08333333333 / 138
友情点: 0 / 349740`
*連続ログイン1日目
※ログインが途切れるか、7日到達すると
1日目から再開されます*
`フレンドポイント X 2000
3月交換券(2023) X 1
`_2023-03-25 19:37:43_
--------
*9210f112a4e0e151d8f1859e42fc2354*
`登陆天数: 51天 / 937天
等级: 130
石头: 24
呼符: 0
体力: 13777.216666666667 / 138
友情点: 0 / 520380`
*連続ログイン2日目
※ログインが途切れるか、7日到達すると
1日目から再開されます*
`聖晶石 X 1
3月交換券(2023) X 1
`_2023-03-25 19:37:51_
--------
*f3cf223ddb2dd700986e941ed1300ae2*
`登陆天数: 51天 / 862天
等级: 122
石头: 1035
呼符: 5
体力: 13776.846666666666 / 136
友情点: 0 / 589680`
*連続ログイン2日目
※ログインが途切れるか、7日到達すると
1日目から再開されます*
`聖晶石 X 1
3月交換券(2023) X 1
`_2023-03-25 19:37:59_
--------
*8e4902556f7f270c8483f9754a4bbdad*
`登陆天数: 51天 / 903天
等级: 122
石头: 1021
呼符: 5
体力: 13773.086666666666 / 136
友情点: 0 / 698800`
*連続ログイン2日目
※ログインが途切れるか、7日到達すると
1日目から再開されます*
`聖晶石 X 1
3月交換券(2023) X 1
`_2023-03-25 19:38:07_
--------
*0aed57a62fdafcc758bf5e3a0e536e17*
`登陆天数: 333天 / 1239天
等级: 126
石头: 28
呼符: 2
体力: 4284.47 / 137
友情点: 0 / 961915`
*連続ログイン4日目
※ログインが途切れるか、7日到達すると
1日目から再開されます*
`聖晶石 X 1
3月交換券(2023) X 1
`_2023-03-25 19:38:15_
--------
