【登录信息】
*4f92965d0bd0a4ceebe9aaf20c8adeee*
`登陆天数: 52天 / 939天
等级: 131
石头: 268
呼符: 10
体力: 110536.1 / 138
友情点: 0 / 349740`
*連続ログイン3日目
※ログインが途切れるか、7日到達すると
1日目から再開されます*
`叡智の業火 X 1
3月交換券(2023) X 1
`*Fate/Grand Order 春の新米マスター応援キャンペーン2023！
日替りログインボーナス*
*開催期間中、1日1回 6日間日替りでログインボーナスをプレゼント！*
`呼符 X 1
`_2023-03-27 19:37:48_
--------
*9210f112a4e0e151d8f1859e42fc2354*
`登陆天数: 53天 / 939天
等级: 130
石头: 24
呼符: 0
体力: 14353.233333333334 / 138
友情点: 0 / 520380`
*連続ログイン4日目
※ログインが途切れるか、7日到達すると
1日目から再開されます*
`聖晶石 X 1
3月交換券(2023) X 1
`*Fate/Grand Order 春の新米マスター応援キャンペーン2023！
日替りログインボーナス*
*開催期間中、1日1回 6日間日替りでログインボーナスをプレゼント！*
`呼符 X 1
`_2023-03-27 19:37:56_
--------
*f3cf223ddb2dd700986e941ed1300ae2*
`登陆天数: 53天 / 864天
等级: 122
石头: 1035
呼符: 5
体力: 14352.863333333333 / 136
友情点: 0 / 589680`
*連続ログイン4日目
※ログインが途切れるか、7日到達すると
1日目から再開されます*
`聖晶石 X 1
3月交換券(2023) X 1
`*Fate/Grand Order 春の新米マスター応援キャンペーン2023！
日替りログインボーナス*
*開催期間中、1日1回 6日間日替りでログインボーナスをプレゼント！*
`呼符 X 1
`_2023-03-27 19:38:04_
--------
*8e4902556f7f270c8483f9754a4bbdad*
`登陆天数: 53天 / 905天
等级: 122
石头: 1021
呼符: 5
体力: 14349.103333333333 / 136
友情点: 0 / 698800`
*連続ログイン4日目
※ログインが途切れるか、7日到達すると
1日目から再開されます*
`聖晶石 X 1
3月交換券(2023) X 1
`*Fate/Grand Order 春の新米マスター応援キャンペーン2023！
日替りログインボーナス*
*開催期間中、1日1回 6日間日替りでログインボーナスをプレゼント！*
`呼符 X 1
`_2023-03-27 19:38:13_
--------
*0aed57a62fdafcc758bf5e3a0e536e17*
`登陆天数: 335天 / 1241天
等级: 126
石头: 28
呼符: 2
体力: 4860.49 / 137
友情点: 0 / 961915`
*連続ログイン6日目
※ログインが途切れるか、7日到達すると
1日目から再開されます*
`聖晶石 X 2
3月交換券(2023) X 1
`*Fate/Grand Order 春の新米マスター応援キャンペーン2023！
日替りログインボーナス*
*開催期間中、1日1回 6日間日替りでログインボーナスをプレゼント！*
`呼符 X 1
`_2023-03-27 19:38:21_
--------
